Copyright 1986-2022 Xilinx, Inc. All Rights Reserved. Copyright 2022-2025 Advanced Micro Devices, Inc. All Rights Reserved.
----------------------------------------------------------------------------------------------------------------------------------------------------------------------------------------------------------
| Tool Version     : Vivado v.2025.1 (win64) Build 6140274 Thu May 22 00:12:29 MDT 2025
| Date             : Mon May  4 00:38:46 2026
| Host             : HuagDuck running 64-bit major release  (build 9200)
| Command          : report_power -file fft128_4parallel_feedforward_power_routed.rpt -pb fft128_4parallel_feedforward_power_summary_routed.pb -rpx fft128_4parallel_feedforward_power_routed.rpx
| Design           : fft128_4parallel_feedforward
| Device           : xc7vx485tffg1761-2
| Design State     : routed
| Grade            : commercial
| Process          : typical
| Characterization : Production
----------------------------------------------------------------------------------------------------------------------------------------------------------------------------------------------------------

Power Report

Table of Contents
-----------------
1. Summary
1.1 On-Chip Components
1.2 Power Supply Summary
1.3 Confidence Level
2. Settings
2.1 Environment
2.2 Clock Constraints
3. Detailed Reports
3.1 By Hierarchy

1. Summary
----------

+--------------------------+--------------+
| Total On-Chip Power (W)  | 1.215        |
| Design Power Budget (W)  | Unspecified* |
| Power Budget Margin (W)  | NA           |
| Dynamic (W)              | 0.966        |
| Device Static (W)        | 0.249        |
| Effective TJA (C/W)      | 1.1          |
| Max Ambient (C)          | 83.6         |
| Junction Temperature (C) | 26.4         |
| Confidence Level         | Low          |
| Setting File             | ---          |
| Simulation Activity File | ---          |
| Design Nets Matched      | NA           |
+--------------------------+--------------+
* Specify Design Power Budget using, set_operating_conditions -design_power_budget <value in Watts>


1.1 On-Chip Components
----------------------

+-------------------------+-----------+----------+-----------+-----------------+
| On-Chip                 | Power (W) | Used     | Available | Utilization (%) |
+-------------------------+-----------+----------+-----------+-----------------+
| Clocks                  |     0.091 |        3 |       --- |             --- |
| Slice Logic             |     0.246 |    16650 |       --- |             --- |
|   LUT as Logic          |     0.191 |     7720 |    303600 |            2.54 |
|   CARRY4                |     0.026 |     1340 |     75900 |            1.77 |
|   Register              |     0.016 |     5922 |    607200 |            0.98 |
|   LUT as Shift Register |     0.013 |      580 |    130800 |            0.44 |
|   F7/F8 Muxes           |    <0.001 |      160 |    303600 |            0.05 |
|   Others                |     0.000 |      180 |       --- |             --- |
| Signals                 |     0.276 |    10824 |       --- |             --- |
| I/O                     |     0.352 |      270 |       700 |           38.57 |
| Static Power            |     0.249 |          |           |                 |
| Total                   |     1.215 |          |           |                 |
+-------------------------+-----------+----------+-----------+-----------------+


1.2 Power Supply Summary
------------------------

+-----------+-------------+-----------+-------------+------------+-------------+-------------+------------+
| Source    | Voltage (V) | Total (A) | Dynamic (A) | Static (A) | Powerup (A) | Budget (A)  | Margin (A) |
+-----------+-------------+-----------+-------------+------------+-------------+-------------+------------+
| Vccint    |       1.000 |     0.755 |       0.615 |      0.140 |       NA    | Unspecified | NA         |
| Vccaux    |       1.800 |     0.066 |       0.029 |      0.038 |       NA    | Unspecified | NA         |
| Vcco33    |       3.300 |     0.000 |       0.000 |      0.000 |       NA    | Unspecified | NA         |
| Vcco25    |       2.500 |     0.000 |       0.000 |      0.000 |       NA    | Unspecified | NA         |
| Vcco18    |       1.800 |     0.167 |       0.166 |      0.001 |       NA    | Unspecified | NA         |
| Vcco15    |       1.500 |     0.000 |       0.000 |      0.000 |       NA    | Unspecified | NA         |
| Vcco135   |       1.350 |     0.000 |       0.000 |      0.000 |       NA    | Unspecified | NA         |
| Vcco12    |       1.200 |     0.000 |       0.000 |      0.000 |       NA    | Unspecified | NA         |
| Vccaux_io |       1.800 |     0.000 |       0.000 |      0.000 |       NA    | Unspecified | NA         |
| Vccbram   |       1.000 |     0.003 |       0.000 |      0.003 |       NA    | Unspecified | NA         |
| MGTAVcc   |       1.000 |     0.000 |       0.000 |      0.000 |       NA    | Unspecified | NA         |
| MGTAVtt   |       1.200 |     0.000 |       0.000 |      0.000 |       NA    | Unspecified | NA         |
| MGTVccaux |       1.800 |     0.000 |       0.000 |      0.000 |       NA    | Unspecified | NA         |
| MGTZVccl  |       1.075 |     0.000 |       0.000 |      0.000 |       NA    | Unspecified | NA         |
| MGTZAVcc  |       1.075 |     0.000 |       0.000 |      0.000 |       NA    | Unspecified | NA         |
| MGTZVcch  |       1.800 |     0.000 |       0.000 |      0.000 |       NA    | Unspecified | NA         |
| Vccadc    |       1.800 |     0.020 |       0.000 |      0.020 |       NA    | Unspecified | NA         |
+-----------+-------------+-----------+-------------+------------+-------------+-------------+------------+


1.3 Confidence Level
--------------------

+-----------------------------+------------+--------------------------------------------------------+------------------------------------------------------------------------------------------------------------+
| User Input Data             | Confidence | Details                                                | Action                                                                                                     |
+-----------------------------+------------+--------------------------------------------------------+------------------------------------------------------------------------------------------------------------+
| Design implementation state | High       | Design is routed                                       |                                                                                                            |
| Clock nodes activity        | High       | User specified more than 95% of clocks                 |                                                                                                            |
| I/O nodes activity          | Low        | More than 75% of inputs are missing user specification | Provide missing input activity with simulation results or by editing the "By Resource Type -> I/Os" view   |
| Internal nodes activity     | Medium     | User specified less than 25% of internal nodes         | Provide missing internal nodes activity with simulation results or by editing the "By Resource Type" views |
| Device models               | High       | Device models are Production                           |                                                                                                            |
|                             |            |                                                        |                                                                                                            |
| Overall confidence level    | Low        |                                                        |                                                                                                            |
+-----------------------------+------------+--------------------------------------------------------+------------------------------------------------------------------------------------------------------------+


2. Settings
-----------

2.1 Environment
---------------

+-----------------------+--------------------------+
| Ambient Temp (C)      | 25.0                     |
| ThetaJA (C/W)         | 1.1                      |
| Airflow (LFM)         | 250                      |
| Heat Sink             | medium (Medium Profile)  |
| ThetaSA (C/W)         | 2.2                      |
| Board Selection       | medium (10"x10")         |
| # of Board Layers     | 12to15 (12 to 15 Layers) |
| Board Temperature (C) | 25.0                     |
+-----------------------+--------------------------+


2.2 Clock Constraints
---------------------

+-------+--------+-----------------+
| Clock | Domain | Constraint (ns) |
+-------+--------+-----------------+
| Clk   | Clk    |             3.5 |
+-------+--------+-----------------+


3. Detailed Reports
-------------------

3.1 By Hierarchy
----------------

+------------------------------+-----------+
| Name                         | Power (W) |
+------------------------------+-----------+
| fft128_4parallel_feedforward |     0.966 |
|   s2_to_s3                   |     0.024 |
|     delay_path0              |     0.006 |
|     delay_path2a             |     0.005 |
|     delay_path2b             |     0.007 |
|     delay_path3              |     0.004 |
|   s3_to_s4                   |     0.025 |
|     delay_path0              |     0.007 |
|     delay_path2a             |     0.004 |
|     delay_path2b             |     0.007 |
|     delay_path3              |     0.004 |
|   s4_to_s5                   |     0.025 |
|     delay_path0              |     0.007 |
|     delay_path2a             |     0.005 |
|     delay_path2b             |     0.006 |
|     delay_path3              |     0.005 |
|   s5_to_s6                   |     0.018 |
|     delay_path0              |     0.005 |
|     delay_path2a             |     0.003 |
|     delay_path2b             |     0.005 |
|     delay_path3              |     0.003 |
|   s6_to_s7                   |     0.012 |
|     delay_path0              |     0.004 |
|     delay_path2a             |     0.001 |
|     delay_path2b             |     0.004 |
|     delay_path3              |     0.001 |
|   stage1                     |     0.012 |
|     lower_butterfly          |     0.002 |
|     upper_butterfly          |     0.001 |
|   stage2                     |     0.216 |
|     lower_butterfly          |     0.005 |
|     path0_delay              |     0.005 |
|     path1_rotator            |     0.066 |
|       stage0                 |     0.003 |
|       stage1                 |     0.003 |
|       stage2                 |     0.007 |
|       stage3                 |     0.002 |
|     path2_rotator            |     0.068 |
|       stage0                 |     0.003 |
|       stage1                 |     0.003 |
|       stage2                 |     0.008 |
|       stage3                 |     0.002 |
|     path3_rotator            |     0.067 |
|       stage0                 |     0.003 |
|       stage1                 |     0.004 |
|       stage2                 |     0.008 |
|       stage3                 |     0.002 |
|     upper_butterfly          |     0.004 |
|   stage3                     |     0.007 |
|     lower_butterfly          |     0.002 |
|   stage4                     |     0.171 |
|     lower_butterfly          |     0.005 |
|     path0_delay              |     0.005 |
|     path1_rotator            |     0.045 |
|       stage1                 |     0.003 |
|       stage4                 |     0.002 |
|     path2_rotator            |     0.059 |
|       stage0                 |     0.001 |
|       stage1                 |     0.003 |
|       stage2                 |     0.003 |
|       stage4                 |     0.002 |
|     path3_rotator            |     0.053 |
|       stage1                 |     0.003 |
|       stage2                 |     0.003 |
|       stage4                 |     0.002 |
|     upper_butterfly          |     0.004 |
|   stage5                     |     0.007 |
|   stage6                     |     0.069 |
|     lower_butterfly          |     0.004 |
|     path0_delay              |     0.004 |
|     path1_rotator            |     0.008 |
|     path2_rotator            |     0.026 |
|     path3_rotator            |     0.023 |
|     upper_butterfly          |     0.003 |
|   stage7                     |     0.019 |
+------------------------------+-----------+


